==================================================
Data/Hora : 2026-03-01 17:56:27.182
Tipo      : MicroondasDigital.Exceptions.BusinessException
Mensagem  : Este caractere de progressão já está cadastrado.
StackTrace:
(sem stack trace)

==================================================
Data/Hora : 2026-03-01 18:43:33.633
Tipo      : MicroondasDigital.Exceptions.BusinessException
Mensagem  : Este caractere de progressão já está cadastrado.
StackTrace:
(sem stack trace)

==================================================
Data/Hora : 2026-03-01 18:46:05.928
Tipo      : MicroondasDigital.Exceptions.BusinessException
Mensagem  : Este caractere de progressão é reservado para os modos predefinidos.
StackTrace:
(sem stack trace)

==================================================
Data/Hora : 2026-03-01 19:09:35.835
Tipo      : MicroondasDigital.Exceptions.BusinessException
Mensagem  : Este caractere de progressão é reservado para os modos predefinidos.
StackTrace:
(sem stack trace)

==================================================
Data/Hora : 2026-03-01 19:09:38.630
Tipo      : MicroondasDigital.Exceptions.BusinessException
Mensagem  : Este caractere de progressão é reservado para os modos predefinidos.
StackTrace:
(sem stack trace)

==================================================
Data/Hora : 2026-03-01 19:09:58.127
Tipo      : MicroondasDigital.Exceptions.BusinessException
Mensagem  : Já existe um programa com esse nome.
StackTrace:
(sem stack trace)

